<?xml version="1.0" encoding="UTF-8"?>
<!-- Generated by org.testng.reporters.JUnitReportReporter -->
<testsuite skipped="0" hostname="ip-172-31-73-65" name="test.ParallelExecution" tests="2" failures="0" timestamp="2021-07-04T07:08:11 UTC" time="4.354" errors="0">
  <testcase name="Testcase1" time="2.556" classname="test.ParallelExecution"/>
  <system-out/>
  <testcase name="Testcase2" time="1.798" classname="test.ParallelExecution"/>
  <system-out/>
</testsuite> <!-- test.ParallelExecution -->
