<?xml version="1.0" encoding="UTF-8"?>
<!-- Generated by org.testng.reporters.JUnitReportReporter -->
<testsuite skipped="0" hostname="ip-172-31-73-65" name="test.swaglabs" tests="1" failures="0" timestamp="2021-06-20T06:39:31 UTC" time="2.141" errors="0">
  <testcase name="LoginTest1" time="2.141" classname="test.swaglabs"/>
  <system-out/>
</testsuite> <!-- test.swaglabs -->
