<?xml version="1.0" encoding="UTF-8"?>
<!-- Generated by org.testng.reporters.JUnitReportReporter -->
<testsuite skipped="0" hostname="ip-172-31-73-65" name="test1.Testcase3" tests="1" failures="0" timestamp="2021-06-20T03:54:13 UTC" time="0.001" errors="0">
  <testcase name="testcase3" time="0.001" classname="test1.Testcase3"/>
  <system-out/>
</testsuite> <!-- test1.Testcase3 -->
