<?xml version="1.0" encoding="UTF-8"?>
<!-- Generated by org.testng.reporters.JUnitReportReporter -->
<testsuite skipped="0" hostname="ip-172-31-73-65" name="test.Testcase1" tests="2" failures="0" timestamp="2021-06-20T03:54:13 UTC" time="0.003" errors="0">
  <testcase name="SignupTest" time="0.002" classname="test.Testcase1"/>
  <system-out/>
  <testcase name="LoginTest" time="0.001" classname="test.Testcase1"/>
  <system-out/>
</testsuite> <!-- test.Testcase1 -->
