<?xml version="1.0" encoding="UTF-8"?>
<!-- Generated by org.testng.reporters.JUnitReportReporter -->
<testsuite skipped="1" hostname="ip-172-31-73-65" name="test.LoginTest" tests="2" failures="0" timestamp="2021-07-03T05:29:39 UTC" time="7.070" errors="0">
  <testcase name="LoginTest2" time="7.070" classname="test.LoginTest"/>
  <system-out/>
  <testcase name="LoginTest1" classname="test.LoginTest">
    <skipped/>
  </testcase> <!-- LoginTest1 -->
  <system-out/>
</testsuite> <!-- test.LoginTest -->
