<?xml version="1.0" encoding="UTF-8"?>
<!-- Generated by org.testng.reporters.JUnitReportReporter -->
<testsuite skipped="0" hostname="ip-172-31-73-65" name="TDD.PrimeNumTest" tests="2" failures="0" timestamp="2021-07-10T06:05:03 UTC" time="0.014" errors="0">
  <testcase name="PositiveTest" time="0.001" classname="TDD.PrimeNumTest"/>
  <system-out/>
  <testcase name="NegativeTest" time="0.013" classname="TDD.PrimeNumTest"/>
  <system-out/>
</testsuite> <!-- TDD.PrimeNumTest -->
